2025-10-28 15:42:07.299939: wfastcgi.py 3.0.0 started
2025-10-28 15:42:07.313027: Python version: 3.14.0 (tags/v3.14.0:ebf955d, Oct  7 2025, 10:15:03) [MSC v.1944 64 bit (AMD64)]
2025-10-28 15:42:07.324262: wfastcgi.py 3.0.0 initializing
2025-10-28 15:42:07.458321: Error occurred while reading WSGI handler:

Traceback (most recent call last):
  File "C:\Python314\Lib\site-packages\wfastcgi.py", line 791, in main
    env, handler = read_wsgi_handler(response.physical_path)
                   ~~~~~~~~~~~~~~~~~^^^^^^^^^^^^^^^^^^^^^^^^
  File "C:\Python314\Lib\site-packages\wfastcgi.py", line 633, in read_wsgi_handler
    handler = get_wsgi_handler(os.getenv("WSGI_HANDLER"))
  File "C:\Python314\Lib\site-packages\wfastcgi.py", line 616, in get_wsgi_handler
    raise ValueError('"%s" could not be imported%s' % (handler_name, last_tb))
ValueError: "zero.wsgi.application" could not be imported: Traceback (most recent call last):
  File "C:\Python314\Lib\site-packages\wfastcgi.py", line 600, in get_wsgi_handler
    handler = __import__(module_name, fromlist=[name_list[0][0]])
  File "C:\AstemoProjects\fechamento_contabil\zero\wsgi.py", line 12, in <module>
    from django.core.wsgi import get_wsgi_application
ModuleNotFoundError: No module named 'django'



StdOut: 

StdErr: 
2025-10-28 15:42:07.480934: Unhandled exception in wfastcgi.py: Traceback (most recent call last):
  File "C:\Python314\Lib\site-packages\wfastcgi.py", line 791, in main
    env, handler = read_wsgi_handler(response.physical_path)
                   ~~~~~~~~~~~~~~~~~^^^^^^^^^^^^^^^^^^^^^^^^
  File "C:\Python314\Lib\site-packages\wfastcgi.py", line 633, in read_wsgi_handler
    handler = get_wsgi_handler(os.getenv("WSGI_HANDLER"))
  File "C:\Python314\Lib\site-packages\wfastcgi.py", line 616, in get_wsgi_handler
    raise ValueError('"%s" could not be imported%s' % (handler_name, last_tb))
ValueError: "zero.wsgi.application" could not be imported: Traceback (most recent call last):
  File "C:\Python314\Lib\site-packages\wfastcgi.py", line 600, in get_wsgi_handler
    handler = __import__(module_name, fromlist=[name_list[0][0]])
  File "C:\AstemoProjects\fechamento_contabil\zero\wsgi.py", line 12, in <module>
    from django.core.wsgi import get_wsgi_application
ModuleNotFoundError: No module named 'django'

2025-10-28 15:42:07.503764: Running on_exit tasks
2025-10-28 15:42:07.526481: wfastcgi.py 3.0.0 closed
2025-10-28 15:42:08.252332: wfastcgi.py 3.0.0 started
2025-10-28 15:42:08.267794: Python version: 3.14.0 (tags/v3.14.0:ebf955d, Oct  7 2025, 10:15:03) [MSC v.1944 64 bit (AMD64)]
2025-10-28 15:42:08.283753: wfastcgi.py 3.0.0 initializing
2025-10-28 15:42:08.329389: Error occurred while reading WSGI handler:

Traceback (most recent call last):
  File "C:\Python314\Lib\site-packages\wfastcgi.py", line 791, in main
    env, handler = read_wsgi_handler(response.physical_path)
                   ~~~~~~~~~~~~~~~~~^^^^^^^^^^^^^^^^^^^^^^^^
  File "C:\Python314\Lib\site-packages\wfastcgi.py", line 633, in read_wsgi_handler
    handler = get_wsgi_handler(os.getenv("WSGI_HANDLER"))
  File "C:\Python314\Lib\site-packages\wfastcgi.py", line 616, in get_wsgi_handler
    raise ValueError('"%s" could not be imported%s' % (handler_name, last_tb))
ValueError: "zero.wsgi.application" could not be imported: Traceback (most recent call last):
  File "C:\Python314\Lib\site-packages\wfastcgi.py", line 600, in get_wsgi_handler
    handler = __import__(module_name, fromlist=[name_list[0][0]])
  File "C:\AstemoProjects\fechamento_contabil\zero\wsgi.py", line 12, in <module>
    from django.core.wsgi import get_wsgi_application
ModuleNotFoundError: No module named 'django'



StdOut: 

StdErr: 
2025-10-28 15:42:08.345659: Unhandled exception in wfastcgi.py: Traceback (most recent call last):
  File "C:\Python314\Lib\site-packages\wfastcgi.py", line 791, in main
    env, handler = read_wsgi_handler(response.physical_path)
                   ~~~~~~~~~~~~~~~~~^^^^^^^^^^^^^^^^^^^^^^^^
  File "C:\Python314\Lib\site-packages\wfastcgi.py", line 633, in read_wsgi_handler
    handler = get_wsgi_handler(os.getenv("WSGI_HANDLER"))
  File "C:\Python314\Lib\site-packages\wfastcgi.py", line 616, in get_wsgi_handler
    raise ValueError('"%s" could not be imported%s' % (handler_name, last_tb))
ValueError: "zero.wsgi.application" could not be imported: Traceback (most recent call last):
  File "C:\Python314\Lib\site-packages\wfastcgi.py", line 600, in get_wsgi_handler
    handler = __import__(module_name, fromlist=[name_list[0][0]])
  File "C:\AstemoProjects\fechamento_contabil\zero\wsgi.py", line 12, in <module>
    from django.core.wsgi import get_wsgi_application
ModuleNotFoundError: No module named 'django'

2025-10-28 15:42:08.362505: Running on_exit tasks
2025-10-28 15:42:08.377783: wfastcgi.py 3.0.0 closed
2025-10-28 15:43:30.990212: wfastcgi.py will restart when files in C:\AstemoProjects\fechamento_contabil\ are changed: .*((\.py)|(\.config))$
2025-10-28 15:43:31.007242: wfastcgi.py 3.0.0 initialized
2025-10-28 15:43:44.427830: wfastcgi.py will restart when files in C:\AstemoProjects\fechamento_contabil\ are changed: .*((\.py)|(\.config))$
2025-10-28 15:43:44.427968: wfastcgi.py will restart when files in C:\AstemoProjects\fechamento_contabil\ are changed: .*((\.py)|(\.config))$
2025-10-28 15:43:44.449983: wfastcgi.py 3.0.0 initialized
2025-10-28 15:48:39.509643: wfastcgi.py 3.0.0 started
2025-10-28 15:48:39.534501: Python version: 3.14.0 (tags/v3.14.0:ebf955d, Oct  7 2025, 10:15:03) [MSC v.1944 64 bit (AMD64)]
2025-10-28 15:48:39.556987: wfastcgi.py 3.0.0 initializing
2025-10-28 15:48:40.819132: wfastcgi.py will restart when files in C:\AstemoProjects\fechamento_contabil\ are changed: .*((\.py)|(\.config))$
2025-10-28 15:48:40.837951: wfastcgi.py 3.0.0 initialized
2025-10-28 15:48:42.891913: wfastcgi.py 3.0.0 started
2025-10-28 15:48:42.910602: Python version: 3.14.0 (tags/v3.14.0:ebf955d, Oct  7 2025, 10:15:03) [MSC v.1944 64 bit (AMD64)]
2025-10-28 15:48:42.910725: Python version: 3.14.0 (tags/v3.14.0:ebf955d, Oct  7 2025, 10:15:03) [MSC v.1944 64 bit (AMD64)]
2025-10-28 15:48:42.927930: wfastcgi.py 3.0.0 initializing
2025-10-28 15:48:42.927980: wfastcgi.py 3.0.0 initializing
2025-10-28 15:48:43.886835: wfastcgi.py will restart when files in C:\AstemoProjects\fechamento_contabil\ are changed: .*((\.py)|(\.config))$
2025-10-28 15:48:43.886836: wfastcgi.py will restart when files in C:\AstemoProjects\fechamento_contabil\ are changed: .*((\.py)|(\.config))$
2025-10-28 15:48:43.912993: wfastcgi.py 3.0.0 initialized
2025-10-28 15:48:43.913049: wfastcgi.py 3.0.0 initialized
